<?xml version="1.0" encoding="UTF-8"?>
<!-- Generated by org.testng.reporters.JUnitXMLReporter -->
<testsuite ignored="0" hostname="NileshPC" failures="0" tests="2" name="firefoxtest" time="0.06" errors="0" timestamp="2024-08-10T12:08:17 IST">
  <testcase classname="testCases.TC001_AccountRegistrationTest" name="verify_account_registastion" time="0.0">
    <skipped/>
  </testcase> <!-- verify_account_registastion -->
  <testcase classname="testCases.TC002_LoginTest" name="verify_login" time="0.0">
    <skipped/>
  </testcase> <!-- verify_login -->
</testsuite> <!-- firefoxtest -->
