<?xml version="1.0" encoding="UTF-8"?>
<testng-results ignored="0" total="2" passed="2" failed="0" skipped="0">
  <reporter-output>
  </reporter-output>
  <suite started-at="2024-08-10T15:14:29 IST" name="Master Suite" finished-at="2024-08-10T15:14:44 IST" duration-ms="15529">
    <groups>
      <group name="Master">
        <method signature="TC001_AccountRegistrationTest.verify_account_registastion()[pri:0, instance:testCases.TC001_AccountRegistrationTest@5ffead27]" name="verify_account_registastion" class="testCases.TC001_AccountRegistrationTest"/>
        <method signature="TC002_LoginTest.verify_login()[pri:0, instance:testCases.TC002_LoginTest@4466af20]" name="verify_login" class="testCases.TC002_LoginTest"/>
      </group> <!-- Master -->
      <group name="Sanity">
        <method signature="TC002_LoginTest.verify_login()[pri:0, instance:testCases.TC002_LoginTest@4466af20]" name="verify_login" class="testCases.TC002_LoginTest"/>
      </group> <!-- Sanity -->
      <group name="Regression">
        <method signature="TC001_AccountRegistrationTest.verify_account_registastion()[pri:0, instance:testCases.TC001_AccountRegistrationTest@5ffead27]" name="verify_account_registastion" class="testCases.TC001_AccountRegistrationTest"/>
      </group> <!-- Regression -->
    </groups>
    <test started-at="2024-08-10T15:14:29 IST" name="Test" finished-at="2024-08-10T15:14:44 IST" duration-ms="15529">
      <class name="testCases.TC002_LoginTest">
        <test-method is-config="true" signature="setup(java.lang.String,java.lang.String)[pri:0, instance:testCases.TC002_LoginTest@4466af20]" started-at="2024-08-10T15:14:37 IST" name="setup" finished-at="2024-08-10T15:14:42 IST" duration-ms="4666" status="PASS">
          <params>
            <param index="0">
              <value>
                <![CDATA[windows]]>
              </value>
            </param>
            <param index="1">
              <value>
                <![CDATA[chrome]]>
              </value>
            </param>
          </params>
          <reporter-output>
          </reporter-output>
        </test-method> <!-- setup -->
        <test-method signature="verify_login()[pri:0, instance:testCases.TC002_LoginTest@4466af20]" started-at="2024-08-10T15:14:42 IST" name="verify_login" finished-at="2024-08-10T15:14:44 IST" duration-ms="2206" status="PASS">
          <reporter-output>
          </reporter-output>
        </test-method> <!-- verify_login -->
      </class> <!-- testCases.TC002_LoginTest -->
      <class name="testCases.TC001_AccountRegistrationTest">
        <test-method is-config="true" signature="setup(java.lang.String,java.lang.String)[pri:0, instance:testCases.TC001_AccountRegistrationTest@5ffead27]" started-at="2024-08-10T15:14:29 IST" name="setup" finished-at="2024-08-10T15:14:34 IST" duration-ms="5623" status="PASS">
          <params>
            <param index="0">
              <value>
                <![CDATA[windows]]>
              </value>
            </param>
            <param index="1">
              <value>
                <![CDATA[chrome]]>
              </value>
            </param>
          </params>
          <reporter-output>
          </reporter-output>
        </test-method> <!-- setup -->
        <test-method signature="verify_account_registastion()[pri:0, instance:testCases.TC001_AccountRegistrationTest@5ffead27]" started-at="2024-08-10T15:14:34 IST" name="verify_account_registastion" finished-at="2024-08-10T15:14:37 IST" duration-ms="2824" status="PASS">
          <reporter-output>
          </reporter-output>
        </test-method> <!-- verify_account_registastion -->
      </class> <!-- testCases.TC001_AccountRegistrationTest -->
    </test> <!-- Test -->
  </suite> <!-- Master Suite -->
</testng-results>
